
 GET / 16-01-2024_01:56:54
 GET /favicon.ico 16-01-2024_01:56:55
 GET /books 16-01-2024_01:57:03
 GET /booksf 16-01-2024_01:57:11
 GET /styles.css.map 16-01-2024_02:11:08
 GET /books 16-01-2024_02:11:20
 GET /styles.css.map 16-01-2024_02:11:22
 GET / 17-01-2024_07:33:00
 GET /favicon.ico 17-01-2024_07:33:02
 GET /books 17-01-2024_07:33:08
 GET /books 17-01-2024_07:33:25
 GET / 17-01-2024_07:34:28
 GET /contacts 17-01-2024_07:34:33
 GET /styles.css.map 17-01-2024_07:34:40
 GET /contacts 17-01-2024_07:35:33
 GET /styles.css.map 17-01-2024_07:35:35
 GET / 17-01-2024_05:37:07
 GET / 17-01-2024_05:37:08
 GET /favicon.ico 17-01-2024_05:37:09
 GET /api/books 17-01-2024_05:39:21
 GET /api/books 17-01-2024_05:39:27
 GET /api/books 17-01-2024_05:39:58
 GET /api/styles.css.map 17-01-2024_05:40:04
 GET /api/books 17-01-2024_05:40:14
 GET /api/styles.css.map 17-01-2024_05:40:18
 GET /api/books 17-01-2024_05:43:10
 GET /api/styles.css.map 17-01-2024_05:43:12
 GET /api/books 17-01-2024_05:43:14
 GET /api/styles.css.map 17-01-2024_05:43:17
 GET /api/books 17-01-2024_05:43:50
 GET /api/styles.css.map 17-01-2024_05:43:52
 GET /api/books 17-01-2024_06:30:08
 GET /api/books 17-01-2024_06:31:42
 GET /api/books 17-01-2024_06:40:04
 GET /api/books 17-01-2024_06:41:46
 GET /api/books 17-01-2024_06:46:04
 GET /api/books 17-01-2024_06:49:16
 GET /api/books/ertuiop689ghe 17-01-2024_07:08:41
 GET /api/books/ertuiop689ghe4 17-01-2024_07:09:03
 GET /api/books/ertuiop689ghe4 17-01-2024_07:11:04
 GET /api/books/ertuiop689ghe4 17-01-2024_07:35:05
 GET /api/books/ertuiop689ghe4 17-01-2024_07:38:27
 GET /api/books/ertuiop689ghe 17-01-2024_07:38:33
 POST /api/books/ertuiop689ghe 17-01-2024_07:51:08
 POST /api/books 17-01-2024_07:51:32
 PUT /api/books/89XZzJgdKj3_A4WdzCFUN 18-01-2024_07:59:38
 PUT /api/books/89XZzJgdKj3_A4WdzCFUN 18-01-2024_08:01:25
 PUT /api/books/89XZzJgdKj3_A4WdzCFUN 18-01-2024_08:02:59
 GET /api/books/89XZzJgdKj3_A4WdzCFUN 18-01-2024_08:06:30
 POST /api/books/89XZzJgdKj3_A4WdzCFUN 18-01-2024_08:06:58
 POST /api/books/89XZzJgdKj3_A4WdzCFUN 18-01-2024_08:11:22
 POST /api/books/89XZzJgdKj3_A4WdzCFUN 18-01-2024_08:14:29
 POST /api/books/89XZzJgdKj3_A4WdzCFUN 18-01-2024_08:14:34
 POST /api/books/89XZzJgdKj3_A4WdzCFUN 18-01-2024_08:16:02
 POST /api/books/89XZzJgdKj3_A4WdzCFUN 18-01-2024_08:16:35
 POST /api/books/89XZzJgdKj3_A4WdzCFUN 18-01-2024_08:16:59
 POST /api/books/K9rStm6yahhUITRijya3o 18-01-2024_08:17:34
 GET /api/books/K9rStm6yahhUITRijya3o 18-01-2024_08:19:13
 POST /api/books/K9rStm6yahhUITRijya3o 18-01-2024_08:20:23
 POST /api/books 18-01-2024_08:20:32
 PUT /api/books/YSbISOI6bX3lM8DwuauME 18-01-2024_08:21:04
 PUT /api/books/89XZzJgdKj3_A4WdzCFUN 18-01-2024_08:22:45
 DELETE /api/books/89XZzJgdKj3_A4WdzCFUN 18-01-2024_08:32:14
 GET /api/books/89XZzJgdKj3_A4WdzCFUN 18-01-2024_09:28:54
 GET /api/books/ertuiop689gho 18-01-2024_09:29:23
 GET /api/books/ertuiop689gho3 18-01-2024_09:40:52
 GET /api/books/ertuiop689gho 18-01-2024_09:40:56
 GET /api/books/ertuiop689ghoe 18-01-2024_09:55:05
 GET /api/books/ertuiop689gho 18-01-2024_09:55:10
 GET /api/books 18-01-2024_09:55:16
 GET /books 25-01-2024_08:54:44
 GET /api/books 25-01-2024_09:02:23
 GET /api/books 25-01-2024_09:02:54
 GET /api/books 25-01-2024_09:03:09
 GET /api/books 25-01-2024_09:03:29
 GET /api/books 25-01-2024_09:04:37
 GET /api/books 25-01-2024_09:13:44
 GET /api/books 25-01-2024_09:14:42
 GET /api/books 25-01-2024_09:18:09
 POST /api/books 25-01-2024_09:30:17
 POST /api/books 25-01-2024_09:40:21
 POST /api/books 25-01-2024_02:53:55
 POST /api/books 25-01-2024_02:55:27
 POST /api/books 25-01-2024_02:56:21
 POST /api/books 25-01-2024_02:57:42
 POST /api/books 25-01-2024_02:58:19
 POST /api/books 25-01-2024_02:59:53
 POST /api/books 25-01-2024_03:04:47
 POST /api/books 25-01-2024_03:07:45
 POST /api/books 25-01-2024_04:12:55
 POST /api/books 25-01-2024_04:46:35
 POST /api/books 25-01-2024_04:47:25
 GET /api/books 25-01-2024_04:52:41
 POST /api/books 25-01-2024_04:52:52
 GET /api/books/65b275c4da34511824aed3fc 25-01-2024_05:13:13
 PUT /api/books/65b275c4da34511824aed3fc 25-01-2024_05:14:05
 PATCH /api/books/65b275c4da34511824aed3fc 25-01-2024_05:20:59
 PATCH /api/books/65b275c4da34511824aed3fc 25-01-2024_06:13:06
 PATCH /api/books/65b275c4da34511824aed3fc 25-01-2024_06:17:40
 GET /api/books/65b275c4da34511824aed3fc 25-01-2024_06:17:50
 PATCH /api/books/65b275c4da34511824aed3fc 25-01-2024_06:18:08
 PATCH /api/books/65b275c4da34511824aed3fc 25-01-2024_06:19:02
 GET /api/books 25-01-2024_06:19:13
 PATCH /api/books/65b26c6785fd0a489c2448d1 25-01-2024_06:19:32
 PATCH /api/books/65b26c6785fd0a489c2448d1 25-01-2024_06:20:07
 PATCH /api/books/65b26c6785fd0a489c2448d1/favorite 25-01-2024_06:21:53
 GET /api/books 25-01-2024_06:24:20
 DELETE /api/books/65b25d21048b10242fe7b326 25-01-2024_06:24:35
 GET /api/books 25-01-2024_06:36:21
 PATCH /api/books/65b275c4da34511824aed3fc/favorite 25-01-2024_06:36:43
 POST /api/auth/register 30-01-2024_01:10:37
 POST /api/auth/register 30-01-2024_01:19:34
 POST /api/auth/register 30-01-2024_01:25:36
 POST /api/auth/register 30-01-2024_02:16:23
 POST /api/auth/login 30-01-2024_02:48:55
 POST /api/auth/auth/register 01-02-2024_09:12:31
 POST /api/auth/register 01-02-2024_09:12:54
 POST /api/auth/register 01-02-2024_09:13:03
 POST /api/auth/login 01-02-2024_09:13:44
 GET /api/books 01-02-2024_09:42:06
 POST /api/auth/login 01-02-2024_09:44:23
 GET /api/books 01-02-2024_09:44:51
 GET /api/books 01-02-2024_09:48:03
 GET /api/books 01-02-2024_09:48:29
 GET /api/books 01-02-2024_09:50:15
 GET /api/books 01-02-2024_09:50:37
 GET /api/books 01-02-2024_01:05:48
 GET /api/books 01-02-2024_01:06:03
 POST /api/books 01-02-2024_01:16:41
 POST /api/register 01-02-2024_01:21:35
 POST /api/login 01-02-2024_01:23:41
 POST /api/login 01-02-2024_01:24:12
 POST /api/auth/login 01-02-2024_01:24:50
 POST /api/books 01-02-2024_01:26:03
 GET /api/books 01-02-2024_01:27:05
 GET /api/books 01-02-2024_01:30:51
 POST /api/books 01-02-2024_01:39:50
 POST /api/books 01-02-2024_01:41:17
 POST /api/books 01-02-2024_01:41:45
 POST /api/auth/login 01-02-2024_01:42:23
 POST /api/books 01-02-2024_01:43:00
 POST /api/books 01-02-2024_01:43:19
 POST /api/books 01-02-2024_01:43:52
 GET /api/books 01-02-2024_01:47:34
 POST /api/auth/login 01-02-2024_01:48:23
 GET /api/books 01-02-2024_01:48:40
 GET /api/books?page=5&limit=4 01-02-2024_02:25:22
 GET /api/books?page=1&limit=2 01-02-2024_02:34:49
 GET /api/books?page=1&limit=2 01-02-2024_02:35:12
 GET /api/auth/current 01-02-2024_02:43:42
 GET /api/auth/current 01-02-2024_02:43:57
 GET /api/auth/login 01-02-2024_02:51:14
 POST /api/auth/login 01-02-2024_02:51:19
 POST /api/auth/logout 01-02-2024_02:57:28
 GET /api/books?page=1&limit=2 01-02-2024_03:00:07